TN:
SF:src/app.ts
FNF:0
FNH:0
DA:7,1
DA:8,1
DA:9,1
DA:11,1
DA:12,1
LF:5
LH:5
BRF:0
BRH:0
end_of_record
TN:
SF:src/database.ts
FNF:0
FNH:0
DA:3,1
DA:4,1
LF:2
LH:2
BRF:0
BRH:0
end_of_record
TN:
SF:src/controllers/recommendationController.ts
FN:6,insert
FN:17,upvote
FN:25,downvote
FN:33,random
FN:39,get
FN:44,getTop
FN:51,getById
FNF:7
FNH:7
FNDA:5,insert
FNDA:3,upvote
FNDA:4,downvote
FNDA:5,random
FNDA:1,get
FNDA:2,getTop
FNDA:1,getById
DA:7,5
DA:8,5
DA:9,3
DA:12,2
DA:14,1
DA:18,3
DA:20,3
DA:22,1
DA:26,4
DA:28,4
DA:30,2
DA:34,5
DA:36,4
DA:40,1
DA:41,1
DA:45,2
DA:47,2
DA:48,1
DA:52,1
DA:54,1
DA:55,1
DA:58,1
LF:22
LH:22
BRDA:8,0,0,3
BRF:1
BRH:1
end_of_record
TN:
SF:src/middlewares/errorHandlerMiddleware.ts
FN:8,errorHandlerMiddleware
FNF:1
FNH:1
FNDA:10,errorHandlerMiddleware
DA:14,10
DA:15,7
DA:18,3
LF:3
LH:3
BRDA:14,0,0,7
BRF:1
BRH:1
end_of_record
TN:
SF:src/repositories/recommendationRepository.ts
FN:5,create
FN:16,findAll
FN:26,getAmountByScore
FN:33,getFindAllFilter
FN:45,find
FN:51,findByName
FN:57,updateScore
FN:66,remove
FNF:8
FNH:8
FNDA:1,create
FNDA:9,findAll
FNDA:2,getAmountByScore
FNDA:9,getFindAllFilter
FNDA:12,find
FNDA:2,findByName
FNDA:3,updateScore
FNDA:1,remove
DA:6,1
DA:17,9
DA:19,9
DA:27,2
DA:36,9
DA:38,5
DA:40,5
DA:46,12
DA:52,2
DA:58,3
DA:67,1
DA:72,1
LF:12
LH:12
BRDA:36,0,0,4
BRF:1
BRH:1
end_of_record
TN:
SF:src/routers/recommendationRouter.ts
FNF:0
FNH:0
DA:4,1
DA:6,1
DA:7,1
DA:8,1
DA:9,1
DA:10,1
DA:11,1
DA:12,1
LF:8
LH:8
BRF:0
BRH:0
end_of_record
TN:
SF:src/schemas/recommendationsSchemas.ts
FNF:0
FNH:0
DA:4,1
DA:6,1
LF:2
LH:2
BRF:0
BRH:0
end_of_record
TN:
SF:src/services/recommendationsService.ts
FN:7,insert
FN:17,upvote
FN:23,downvote
FN:36,getByIdOrFail
FN:43,get
FN:47,getTop
FN:51,getRandom
FN:64,getByScore
FN:77,getScoreFilter
FNF:9
FNH:9
FNDA:2,insert
FNDA:3,upvote
FNDA:4,downvote
FNDA:8,getByIdOrFail
FNDA:1,get
FNDA:2,getTop
FNDA:5,getRandom
FNDA:5,getByScore
FNDA:5,getScoreFilter
DA:8,2
DA:11,2
DA:12,1
DA:14,1
DA:18,3
DA:20,1
DA:24,4
DA:26,2
DA:31,2
DA:32,1
DA:37,8
DA:38,6
DA:40,4
DA:44,1
DA:48,2
DA:52,5
DA:53,5
DA:55,5
DA:56,5
DA:57,1
DA:60,4
DA:61,4
DA:65,5
DA:70,5
DA:71,2
DA:74,3
DA:78,5
DA:79,2
DA:82,3
DA:85,1
LF:30
LH:30
BRDA:11,0,0,1
BRDA:31,1,0,1
BRDA:38,2,0,2
BRDA:56,3,0,1
BRDA:70,4,0,2
BRDA:78,5,0,2
BRF:6
BRH:6
end_of_record
TN:
SF:src/utils/errorUtils.ts
FN:7,isAppError
FN:11,errorTypeToStatusCode
FN:19,conflictError
FN:23,notFoundError
FN:27,unauthorizedError
FN:31,wrongSchemaError
FNF:6
FNH:5
FNDA:10,isAppError
FNDA:7,errorTypeToStatusCode
FNDA:1,conflictError
FNDA:3,notFoundError
FNDA:0,unauthorizedError
FNDA:3,wrongSchemaError
DA:8,10
DA:12,7
DA:13,6
DA:14,3
DA:15,3
DA:16,0
DA:20,1
DA:24,3
DA:28,0
DA:32,3
LF:10
LH:8
BRDA:12,0,0,1
BRDA:13,1,0,3
BRDA:14,2,0,0
BRDA:15,3,0,3
BRDA:20,4,0,1
BRDA:20,4,1,0
BRDA:20,5,0,1
BRDA:20,5,1,1
BRDA:24,6,0,0
BRDA:24,6,1,3
BRDA:24,7,0,3
BRDA:24,7,1,3
BRDA:28,8,0,0
BRDA:28,8,1,0
BRDA:28,9,0,0
BRDA:28,9,1,0
BRDA:32,10,0,0
BRDA:32,10,1,3
BRDA:32,11,0,3
BRDA:32,11,1,3
BRF:20
BRH:12
end_of_record
TN:
SF:tests/factory/recommendationFactory.ts
FN:5,clearDatabase
FN:9,generateSong
FN:16,createSong
FN:22,createSongs
FN:24,(anonymous_14)
FNF:5
FNH:5
FNDA:21,clearDatabase
FNDA:68,generateSong
FNDA:5,createSong
FNDA:9,createSongs
FNDA:60,(anonymous_14)
DA:6,21
DA:10,68
DA:17,5
DA:23,9
DA:25,60
DA:33,1
LF:6
LH:6
BRDA:9,0,0,66
BRDA:11,1,0,68
BRDA:11,1,1,66
BRDA:11,2,0,66
BRDA:11,2,1,2
BRDA:11,3,0,68
BRDA:11,3,1,68
BRDA:12,4,0,68
BRDA:12,4,1,66
BRDA:12,5,0,66
BRDA:12,5,1,2
BRDA:12,6,0,68
BRDA:12,6,1,68
BRDA:16,7,0,4
BRDA:22,8,0,1
BRDA:22,9,0,1
BRDA:27,10,0,60
BRDA:27,10,1,10
BRF:18
BRH:18
end_of_record
